<?xml version="1.0" encoding="UTF-8"?>
<!-- Generated by org.testng.reporters.JUnitReportReporter -->
<testsuite hostname="sunshine" failures="0" tests="12" name="testcases.CheckoutPage2Test" time="130.006" errors="0" timestamp="2023-12-28T14:41:18 IST" skipped="0">
  <testcase classname="testcases.CheckoutPage2Test" name="verifyURLofPage2Test" time="9.988"/>
  <system-out>
    <![CDATA[URL of Checkout page 2 = https://www.saucedemo.com/checkout-step-two.html]]>
  </system-out>
  <testcase classname="testcases.CheckoutPage2Test" name="verifyLabelofPage2Test" time="14.148"/>
  <system-out>
    <![CDATA[Label on checkout page 2 = Checkout: Overview]]>
  </system-out>
  <testcase classname="testcases.CheckoutPage2Test" name="PaymentInformationLabelTest" time="10.641"/>
  <system-out>
    <![CDATA[Payment Label = Payment Information]]>
  </system-out>
  <testcase classname="testcases.CheckoutPage2Test" name="SauceCardLabelTest" time="10.178"/>
  <system-out>
    <![CDATA[Sauce card Label = SauceCard #31337]]>
  </system-out>
  <testcase classname="testcases.CheckoutPage2Test" name="ShippingInformationLabelTest" time="10.369"/>
  <system-out>
    <![CDATA[Shipping information Label = Shipping Information]]>
  </system-out>
  <testcase classname="testcases.CheckoutPage2Test" name="FreePonyExpressDeliveryLabelTest" time="10.256"/>
  <system-out>
    <![CDATA[ Free Pony Express Delivery Label = Free Pony Express Delivery!]]>
  </system-out>
  <testcase classname="testcases.CheckoutPage2Test" name="PriceTotalLabelTest" time="11.095"/>
  <system-out>
    <![CDATA[Price Total Label = Price Total]]>
  </system-out>
  <testcase classname="testcases.CheckoutPage2Test" name="summary_subtotalTest" time="10.037"/>
  <system-out>
    <![CDATA[Item Total = Item total: $129.94]]>
  </system-out>
  <testcase classname="testcases.CheckoutPage2Test" name="summary_taxTest" time="10.766"/>
  <system-out>
    <![CDATA[Total Tax = Item total: $129.94]]>
  </system-out>
  <testcase classname="testcases.CheckoutPage2Test" name="summary_totalTest" time="9.922"/>
  <system-out>
    <![CDATA[Total = Total: $140.34]]>
  </system-out>
  <testcase classname="testcases.CheckoutPage2Test" name="CancelButtonTest" time="11.630"/>
  <system-out>
    <![CDATA[URL after clicking cancel button = https://www.saucedemo.com/inventory.html]]>
  </system-out>
  <testcase classname="testcases.CheckoutPage2Test" name="FinishButtonTest" time="10.976"/>
  <system-out>
    <![CDATA[URL after clicking finish button = https://www.saucedemo.com/checkout-complete.html]]>
  </system-out>
</testsuite> <!-- testcases.CheckoutPage2Test -->
