<?xml version="1.0" encoding="UTF-8"?>
<!-- Generated by org.testng.reporters.JUnitReportReporter -->
<testsuite hostname="sunshine" failures="0" tests="2" name="testcases.CheckoutPage1Test" time="25.295" errors="0" timestamp="2023-12-28T14:33:53 IST" skipped="0">
  <testcase classname="testcases.CheckoutPage1Test" name="verifyURLTest" time="14.490"/>
  <system-out>
    <![CDATA[URL of check out step 1 page = https://www.saucedemo.com/checkout-step-one.html]]>
  </system-out>
  <testcase classname="testcases.CheckoutPage1Test" name="continuebuttonTest" time="10.805"/>
  <system-out>
    <![CDATA[After clicking on continue button we should navigate to this page = https://www.saucedemo.com/checkout-step-one.html]]>
  </system-out>
</testsuite> <!-- testcases.CheckoutPage1Test -->
