<?xml version="1.0" encoding="UTF-8"?>
<!-- Generated by org.testng.reporters.JUnitReportReporter -->
<testsuite hostname="sunshine" failures="0" tests="1" name="testcases.LoginPageTest" time="8.855" errors="0" timestamp="2024-01-03T15:22:52 IST" skipped="0">
  <testcase classname="testcases.LoginPageTest" name="logintoApplicationTest" time="8.855"/>
  <system-out>
    <![CDATA[After successfull login, inventory page URL = https://www.saucedemo.com/inventory.html]]>
  </system-out>
</testsuite> <!-- testcases.LoginPageTest -->
