<?xml version="1.0" encoding="UTF-8"?>
<!-- Generated by org.testng.reporters.JUnitReportReporter -->
<testsuite hostname="sunshine" failures="0" tests="2" name="testcases.Inventory_PageTest" time="22.644" errors="0" timestamp="2024-01-03T15:22:52 IST" skipped="0">
  <testcase classname="testcases.Inventory_PageTest" name="add6products" time="10.916"/>
  <system-out>
    <![CDATA[Product added in cart = 6]]>
  </system-out>
  <testcase classname="testcases.Inventory_PageTest" name="remove2productsTest" time="11.728"/>
  <system-out>
    <![CDATA[Number of products after removing = 4]]>
  </system-out>
</testsuite> <!-- testcases.Inventory_PageTest -->
