<?xml version="1.0" encoding="UTF-8"?>
<!-- Generated by org.testng.reporters.JUnitReportReporter -->
<testsuite hostname="sunshine" failures="0" tests="1" name="testcases.Cart_Page_Test" time="9.349" errors="0" timestamp="2024-01-03T15:21:52 IST" skipped="0">
  <testcase classname="testcases.Cart_Page_Test" name="verifycartURLTest" time="9.349"/>
  <system-out>
    <![CDATA[Current page URL of cart page = https://www.saucedemo.com/cart.html]]>
  </system-out>
</testsuite> <!-- testcases.Cart_Page_Test -->
